<?xml version="1.0" encoding="UTF-8"?>
<!-- Generated by org.testng.reporters.JUnitXMLReporter -->
<testsuite ignored="0" hostname="LAPTOP-0NFICUTO" failures="0" tests="1" name="Edge Test" time="0.089" errors="0" timestamp="2023-06-08T16:31:12 IST">
  <testcase classname="testcases1.TestCase2" name="@BeforeClass Setup" time="-1.68622207282E9">
    <failure type="org.testng.TestNGException" message="
Can inject only one of &amp;lt;ITestContext, XmlTest&amp;gt; into a @BeforeClass annotated Setup.
For more information on native dependency injection please refer to https://testng.org/doc/documentation-main.html#native-dependency-injection">
      <![CDATA[org.testng.TestNGException: 
Can inject only one of <ITestContext, XmlTest> into a @BeforeClass annotated Setup.
For more information on native dependency injection please refer to https://testng.org/doc/documentation-main.html#native-dependency-injection
at java.base/java.util.ArrayList.forEach(ArrayList.java:1511)
at java.base/java.util.concurrent.FutureTask.run(FutureTask.java:264)
at java.base/java.util.concurrent.ThreadPoolExecutor.runWorker(ThreadPoolExecutor.java:1130)
at java.base/java.util.concurrent.ThreadPoolExecutor$Worker.run(ThreadPoolExecutor.java:630)
at java.base/java.lang.Thread.run(Thread.java:832)
... Removed 13 stack frames]]>
    </failure>
  </testcase> <!-- @BeforeClass Setup -->
  <testcase classname="testcases1.TestCase2" name="Test2" time="0.0">
    <skipped/>
  </testcase> <!-- Test2 -->
</testsuite> <!-- Edge Test -->
